ERROR: 2025/11/23 18:27:59 logger.go:66: Logger initialized
ERROR: 2025/12/04 20:54:27 auth_handler.go:194: Failed to verify identity for user 6: all required fields must be filled
ERROR: 2025/12/06 23:06:24 account_service.go:30: CreateAccountForUser: failed for userID=7, err=pq: ошибка синтаксиса (примерное положение: ",")
ERROR: 2025/12/06 23:06:24 auth_handler.go:121: Failed to create account for userID=7: pq: ошибка синтаксиса (примерное положение: ",")
ERROR: 2025/12/09 19:26:28 user_repo.go:34: [CreateUser] failed: pq: значение NULL в столбце "password" отношения "users" нарушает ограничение NOT NULL
ERROR: 2025/12/09 19:26:28 auth_service.go:53: RegisterUser: failed to create user: internal error
ERROR: 2025/12/09 19:26:28 auth_handler.go:114: Failed to register user +992931062345: internal error
ERROR: 2025/12/09 19:40:16 auth_handler.go:142: Failed to set password for user 2: password must be exactly 8 characters long
ERROR: 2025/12/09 19:42:27 auth_handler.go:202: Failed to verify identity for user 2: all required fields must be filled
ERROR: 2025/12/10 20:08:11 account_repo.go:65: [AccountRepository] GetByID error: sql: no rows in result set
ERROR: 2025/12/10 20:08:11 account_handler.go:50: [PayForService] Payment failed from=2 to=101 amount=50.00: account_from not found
ERROR: 2025/12/10 20:09:25 account_repo.go:65: [AccountRepository] GetByID error: sql: no rows in result set
ERROR: 2025/12/10 20:09:25 account_handler.go:50: [PayForService] Payment failed from=1 to=101 amount=50.00: account_to not found
ERROR: 2025/12/10 20:09:33 account_repo.go:65: [AccountRepository] GetByID error: sql: no rows in result set
ERROR: 2025/12/10 20:09:33 account_handler.go:50: [PayForService] Payment failed from=1 to=101 amount=50.00: account_to not found
ERROR: 2025/12/10 20:25:37 account_handler.go:50: [PayForService] Payment failed from=1 to=101 amount=50.00: account_to not found
ERROR: 2025/12/10 20:25:51 account_handler.go:50: [PayForService] Payment failed from=2 to=101 amount=50.00: account_from not found
ERROR: 2025/12/10 20:25:59 account_handler.go:50: [PayForService] Payment failed from=3 to=101 amount=50.00: account_from not found
ERROR: 2025/12/10 21:11:00 account_handler.go:55: [PayForService] Payment failed from=3 to=1 amount=50.00: account_from not found
ERROR: 2025/12/10 21:11:06 account_handler.go:55: [PayForService] Payment failed from=1 to=1 amount=50.00: insufficient balance
ERROR: 2025/12/10 21:11:16 account_handler.go:55: [PayForService] Payment failed from=2 to=1 amount=50.00: account_from not found
ERROR: 2025/12/10 21:11:22 account_handler.go:55: [PayForService] Payment failed from=1 to=1 amount=50.00: insufficient balance
ERROR: 2025/12/10 21:12:27 account_handler.go:55: [PayForService] Payment failed from=1 to=1 amount=10.00: insufficient balance
ERROR: 2025/12/10 21:12:32 account_handler.go:55: [PayForService] Payment failed from=1 to=1 amount=1.00: insufficient balance
ERROR: 2025/12/10 21:13:35 account_handler.go:55: [PayForService] Payment failed from=1 to=1 amount=50.00: insufficient balance
ERROR: 2025/12/10 21:16:21 account_handler.go:55: [PayForService] Payment failed from=1 to=1 amount=50.00: insufficient balance
ERROR: 2025/12/10 21:22:34 account_handler.go:54: [PayForService] Payment failed from=1 to=1 amount=50.00: insufficient balance
ERROR: 2025/12/10 22:03:01 account_handler.go:54: [PayForService] Payment failed from=2 to=1 amount=50.00: insufficient balance
ERROR: 2025/12/10 22:31:26 account_handler.go:57: [PayForService] Payment failed from=4 to=1 amount=50.00: insufficient balance
ERROR: 2025/12/10 22:36:37 account_handler.go:57: [PayForService] Payment failed from=3 to=2 amount=50.00: insufficient balance
ERROR: 2025/12/11 20:25:00 account_handler.go:54: [PayForService] Payment failed from=5 to=2 amount=50.00: account_from not found
ERROR: 2025/12/11 23:17:36 account_handler.go:56: [PayForService] Payment failed from=5 to=2 amount=50.00: account_from not found
ERROR: 2025/12/11 23:17:45 account_handler.go:56: [PayForService] Payment failed from=5 to=2 amount=50.00: account_from not found
ERROR: 2025/12/11 23:18:50 account_handler.go:56: [PayForService] Payment failed from=5 to=2 amount=50.00: account_from not found
ERROR: 2025/12/11 23:20:21 account_handler.go:56: [PayForService] Payment failed from=5 to=2 amount=50.00: account_from not found
ERROR: 2025/12/11 23:20:56 account_handler.go:56: [PayForService] Payment failed from=5 to=2 amount=50.00: account_from not found
ERROR: 2025/12/12 19:43:10 transfer.go:50: [TransferHandler] Transfer failed: user not found
ERROR: 2025/12/12 19:43:52 transfer.go:50: [TransferHandler] Transfer failed: user not found
ERROR: 2025/12/12 20:08:37 transfer.go:49: [TransferHandler] Transfer failed: user not found
ERROR: 2025/12/12 20:21:09 transfer_repo.go:84: [TransferRepo] CreateTransaction error: pq: столбец "from_id" в таблице "transactions" не существует
ERROR: 2025/12/12 20:21:09 transfer_service.go:66: [TransferService] failed to create transaction record: pq: столбец "from_id" в таблице "transactions" не существует
ERROR: 2025/12/12 20:21:09 transfer.go:49: [TransferHandler] Transfer failed: pq: столбец "from_id" в таблице "transactions" не существует
ERROR: 2025/12/12 20:23:19 transfer_repo.go:87: [TransferRepo] CreateTransaction error: pq: значение NULL в столбце "type" отношения "transactions" нарушает ограничение NOT NULL
ERROR: 2025/12/12 20:23:19 transfer_service.go:66: [TransferService] failed to create transaction record: pq: значение NULL в столбце "type" отношения "transactions" нарушает ограничение NOT NULL
ERROR: 2025/12/12 20:23:19 transfer.go:49: [TransferHandler] Transfer failed: pq: значение NULL в столбце "type" отношения "transactions" нарушает ограничение NOT NULL
ERROR: 2025/12/13 19:24:40 transfer.go:65: [TransferHandler] Transfer failed: insufficient balance
ERROR: 2025/12/13 20:49:10 transfer.go:65: [TransferHandler] Transfer failed: insufficient balance
ERROR: 2025/12/13 20:49:26 account_handler.go:52: [PayForService] Payment failed from=3 to=2 amount=70.00: insufficient balance
